<?xml version="1.0" encoding="UTF-8"?>
<!-- Generated by org.testng.reporters.JUnitXMLReporter -->
<testsuite hostname="akhireddy-PC" name="Report" tests="5" failures="0" timestamp="24 Jan 2020 16:21:29 GMT" time="94.082" errors="0">
  <testcase name="register" time="5.744" classname="jan24.Demo2"/>
  <testcase name="Cruises" time="5.882" classname="jan24.Demo2"/>
  <testcase name="register" time="6.1" classname="jan24.Demo3"/>
  <testcase name="signon" time="5.771" classname="jan24.Demo3"/>
  <testcase name="Cruises" time="6.565" classname="jan24.Demo3"/>
</testsuite> <!-- Report -->
